Started at: 2021-11-07T13:39:59.127
#############
#
# Loading
#
#############

# Found pack: C:\Users\Drt\AppData\Roaming\.minecraft\mods\buildcraft_all_7.99.24.8_1.12.2.jar

Found script: buildcrafttransport/compat/buildcraft/guide.txt

Found script: buildcraftsilicon/compat/buildcraft/guide.txt

Found script: buildcraftlib/compat/buildcraft/guide.txt

Found script: buildcraftfactory/compat/buildcraft/guide.txt

Found script: buildcraftenergy/compat/buildcraft/guide.txt

Found script: buildcraftcore/compat/buildcraft/guide.txt

#############
#
# Executing
#
#############

Adding buildcraftfactory:block/flood_gate as ItemStackValueFilter: 1xtile.floodGateBlock@0
Adding buildcraftsilicon:item/plug_pulsar as ItemStackValueFilter: 1xitem.pulsar@0
Adding buildcraftcore:action/machine_control_on as ActionMachineControl: buildcraft.core.statements.ActionMachineControl@23aeb549
Adding buildcrafttransport:pipe/diamond_fluid as ItemStackValueFilter: 1xitem.PipeFluidsDiamond@0
Adding buildcraftfactory:block/heat_exchange as ItemStackValueFilter: 1xtile.heat_exchange@0
Adding buildcrafttransport:pipe/wood_item as ItemStackValueFilter: 1xitem.PipeItemsWood@0
Adding buildcraftcore:trigger/always_on as TriggerTrue: buildcraft.core.statements.TriggerTrue@235c5232
Adding buildcrafttransport:pipe/gold_fluid as ItemStackValueFilter: 1xitem.PipeFluidsGold@0
Adding buildcrafttransport:pipe/clay_fluid as ItemStackValueFilter: 1xitem.PipeFluidsClay@0
Adding buildcraftsilicon:action/pulsar_single as ActionPowerPulsar: buildcraft.silicon.statement.ActionPowerPulsar@67a9567d
Adding buildcraftcore:trigger/inventory_space as TriggerInventory: buildcraft.core.statements.TriggerInventory@45700b62
Adding buildcraftlib:config/guide_page_format as String: Формат файла страницы руководства§r
Adding buildcraftcore:trigger/inventory_contains as TriggerInventory: buildcraft.core.statements.TriggerInventory@1322ea78
Adding buildcraftcore:action/machine_control_loop as ActionMachineControl: buildcraft.core.statements.ActionMachineControl@522ef7ec
Adding buildcraftcore:item/wrench as ItemStackValueFilter: 1xitem.wrenchItem@0
Adding buildcraftcore:trigger/inventory_below_75 as TriggerInventoryLevel: buildcraft.core.statements.TriggerInventoryLevel@7f99596a
Adding buildcraftcore:trigger/engine_overheat as TriggerEnginePowerStage: buildcraft.core.statements.TriggerEnginePowerStage@3af776e0
Adding buildcrafttransport:pipe/emzuli_item as ItemStackValueFilter: 1xitem.PipeItemsEmzuli@0
Adding buildcraftcore:trigger/machine_inactive as TriggerMachine: buildcraft.core.statements.TriggerMachine@3e023aec
Adding buildcraftcore:trigger/inventory_empty as TriggerInventory: buildcraft.core.statements.TriggerInventory@1bb63b57
Adding buildcraftsilicon:action/pulsar_constant as ActionPowerPulsar: buildcraft.silicon.statement.ActionPowerPulsar@2ed16342
Adding buildcraftcore:trigger/fluid_below_75 as TriggerFluidContainerLevel: buildcraft.core.statements.TriggerFluidContainerLevel@2f90500e
Adding buildcraftcore:trigger/engine_green as TriggerEnginePowerStage: buildcraft.core.statements.TriggerEnginePowerStage@6ada4a
Adding buildcrafttransport:pipe/daizuli_item as ItemStackValueFilter: 1xitem.PipeItemsDaizuli@0
Adding buildcraftsilicon:trigger/light_low as TriggerLightSensor: buildcraft.silicon.statement.TriggerLightSensor@2aac3593
Adding buildcraftlib:config/json_insn_format as String: Формат файла инструкции Json§r
Adding buildcrafttransport:action/pipe_direction_south as ActionPipeDirection: ActionPipeDirection[south]
Adding buildcraftcore:trigger/redstone_active as TriggerRedstoneInput: buildcraft.core.statements.TriggerRedstoneInput@fc298f7
Adding buildcraftlib:config/registry_overview as String: Обзор реестра Json§r
Adding buildcraftcore:block/engine_wood as ItemStackValueFilter: Matching meta of 1xtile.engineBlock@0
Adding buildcraftenergy:block/engine_iron as ItemStackValueFilter: Matching meta of 1xtile.engineBlock@2
Adding buildcraftcore:item/gear_iron as ItemStackValueFilter: 1xitem.ironGearItem@0
Adding buildcraftcore:trigger/engine_yellow as TriggerEnginePowerStage: buildcraft.core.statements.TriggerEnginePowerStage@227fa921
Adding buildcraftsilicon:item/plug_gate as ItemStackValueFilter: 1xitem.gate@0
Adding buildcraftsilicon:item/plug_facade as ItemStackValueFilter: 1xitem.Facade@0
Adding buildcrafttransport:item/plug_blocker as ItemStackValueFilter: 1xitem.PipePlug@0
Adding buildcrafttransport:action/pipe_colour as ActionPipeColor: buildcraft.transport.statements.ActionPipeColor@74918fae
Adding buildcraftcore:trigger/inventory_full as TriggerInventory: buildcraft.core.statements.TriggerInventory@3f5a3c02
Adding buildcraftcore:trigger/inventory_below_50 as TriggerInventoryLevel: buildcraft.core.statements.TriggerInventoryLevel@24441e3e
Adding buildcrafttransport:item/plug_power_adaptor as ItemStackValueFilter: 1xitem.PipePowerAdapter@0
Adding buildcraftcore:trigger/fluid_contains as TriggerFluidContainer: buildcraft.core.statements.TriggerFluidContainer@7b2d8d36
Adding buildcrafttransport:pipe/structure as ItemStackValueFilter: 1xitem.PipeStructureCobblestone@0
Adding buildcrafttransport:pipe/quartz_item as ItemStackValueFilter: 1xitem.PipeItemsQuartz@0
Adding buildcraftcore:trigger/fluid_below_50 as TriggerFluidContainerLevel: buildcraft.core.statements.TriggerFluidContainerLevel@3b99102
Adding buildcraftfactory:block/tank as ItemStackValueFilter: 1xtile.tankBlock@0
Adding buildcraftcore:trigger/fluid_empty as TriggerFluidContainer: buildcraft.core.statements.TriggerFluidContainer@6ded075b
Adding buildcraftcore:trigger/machine_active as TriggerMachine: buildcraft.core.statements.TriggerMachine@695c4136
Adding buildcraftfactory:block/mining_well as ItemStackValueFilter: 1xtile.miningWellBlock@0
Adding buildcrafttransport:pipe/diamond_wood_item as ItemStackValueFilter: 1xitem.PipeItemsWoodenDiamond@0
Adding buildcraftcore:trigger/engine_red as TriggerEnginePowerStage: buildcraft.core.statements.TriggerEnginePowerStage@7e0f2516
Adding buildcrafttransport:pipe/iron_fluid as ItemStackValueFilter: 1xitem.PipeFluidsIron@0
Adding buildcrafttransport:pipe/gold_item as ItemStackValueFilter: 1xitem.PipeItemsGold@0
Adding buildcrafttransport:action/extraction_preset as ActionExtractionPreset: buildcraft.transport.statements.ActionExtractionPreset@31f18a54
Adding buildcrafttransport:pipe/lapis_item as ItemStackValueFilter: 1xitem.PipeItemsLapis@0
Adding buildcraftcore:item/volume_box as ItemStackValueFilter: 1xitem.volume_box@0
Adding buildcrafttransport:action/pipe_direction_west as ActionPipeDirection: ActionPipeDirection[west]
Adding buildcraftcore:item/gear_stone as ItemStackValueFilter: 1xitem.stoneGearItem@0
Adding buildcraftcore:item/list as ItemStackValueFilter: 1xitem.list@0
Adding buildcrafttransport:trigger/items_traversing as TriggerItemsTraversing: buildcraft.transport.statements.TriggerItemsTraversing@7b71eec8
Adding buildcraftfactory:block/distiller as ItemStackValueFilter: 1xtile.distiller@0
Adding buildcrafttransport:pipe/stone_fluid as ItemStackValueFilter: 1xitem.PipeFluidsStone@0
Adding buildcrafttransport:pipe/sandstone_fluid as ItemStackValueFilter: 1xitem.PipeFluidsSandstone@0
Adding buildcraftcore:action/machine_control_off as ActionMachineControl: buildcraft.core.statements.ActionMachineControl@2f66b9fc
Adding buildcrafttransport:pipe/clay_item as ItemStackValueFilter: 1xitem.PipeItemsClay@0
Adding buildcrafttransport:pipe/wood_fluid as ItemStackValueFilter: 1xitem.PipeFluidsWood@0
Adding buildcraftsilicon:trigger/light_high as TriggerLightSensor: buildcraft.silicon.statement.TriggerLightSensor@3255bf19
Adding buildcrafttransport:trigger/fluids_traversing as TriggerFluidsTraversing: buildcraft.transport.statements.TriggerFluidsTraversing@64847318
Adding buildcraftcore:action/redstone as ActionRedstoneOutput: buildcraft.core.statements.ActionRedstoneOutput@1077d6ee
Adding buildcrafttransport:pipe/cobble_item as ItemStackValueFilter: 1xitem.PipeItemsCobblestone@0
Adding buildcraftcore:trigger/inventory_below_25 as TriggerInventoryLevel: buildcraft.core.statements.TriggerInventoryLevel@a443445
Adding buildcraftcore:item/marker_path as ItemStackValueFilter: 1xtile.pathMarkerBlock@0
Adding buildcraftcore:item/gear_wood as ItemStackValueFilter: 1xitem.woodenGearItem@0
Adding buildcrafttransport:item/wire as ItemStackValueFilter: 1xitem.pipeWire@0
Adding buildcrafttransport:action/pipe_direction_below as ActionPipeDirection: ActionPipeDirection[down]
Adding buildcraftsilicon:item/plug_lens as ItemStackValueFilter: 1xitem.lens@0
Adding buildcraftcore:item/marker_volume as ItemStackValueFilter: 1xtile.markerBlock@0
Adding buildcraftcore:item/paintbrush as ItemStackValueFilter: 1xitem.paintbrush@0
Adding buildcraftfactory:block/autoworkbench_item as ItemStackValueFilter: 1xtile.autoWorkbenchBlock@0
Adding buildcrafttransport:action/pipe_direction_north as ActionPipeDirection: ActionPipeDirection[north]
Adding buildcrafttransport:action/pipe_direction_above as ActionPipeDirection: ActionPipeDirection[up]
Adding buildcraftfactory:block/chute as ItemStackValueFilter: 1xtile.chuteBlock@0
Adding buildcraftcore:trigger/fluid_below_25 as TriggerFluidContainerLevel: buildcraft.core.statements.TriggerFluidContainerLevel@1576ef63
Adding buildcraftenergy:block/engine_stone as ItemStackValueFilter: Matching meta of 1xtile.engineBlock@1
Adding buildcrafttransport:pipe/void_item as ItemStackValueFilter: 1xitem.PipeItemsVoid@0
Adding buildcrafttransport:pipe/stone_item as ItemStackValueFilter: 1xitem.PipeItemsStone@0
Adding buildcrafttransport:action/pipe_direction_east as ActionPipeDirection: ActionPipeDirection[east]
Adding buildcrafttransport:pipe/diamond_item as ItemStackValueFilter: 1xitem.PipeItemsDiamond@0
Adding buildcraftcore:item/gear_diamond as ItemStackValueFilter: 1xitem.diamondGearItem@0
Adding buildcrafttransport:pipe/quartz_fluid as ItemStackValueFilter: 1xitem.PipeFluidsQuartz@0
Adding buildcraftcore:item/gear_gold as ItemStackValueFilter: 1xitem.goldGearItem@0
Adding buildcraftcore:trigger/engine_blue as TriggerEnginePowerStage: buildcraft.core.statements.TriggerEnginePowerStage@522d5266
Adding buildcrafttransport:pipe/iron_item as ItemStackValueFilter: 1xitem.PipeItemsIron@0
Adding buildcrafttransport:pipe/void_fluid as ItemStackValueFilter: 1xitem.PipeFluidsVoid@0
Adding buildcrafttransport:pipe/stripes_item as ItemStackValueFilter: 1xitem.PipeItemsStripes@0
Adding buildcraftsilicon:item/plug_light_sensor as ItemStackValueFilter: 1xitem.light_sensor@0
Adding buildcraftfactory:block/pump as ItemStackValueFilter: 1xtile.pumpBlock@0
Adding buildcrafttransport:pipe/cobble_fluid as ItemStackValueFilter: 1xitem.PipeFluidsCobblestone@0
Adding buildcrafttransport:pipe/obsidian_item as ItemStackValueFilter: 1xitem.PipeItemsObsidian@0
Adding buildcrafttransport:action/pipe_signal_active as ActionPipeSignal: buildcraft.transport.statements.ActionPipeSignal@7cc32e6b
Adding buildcraftcore:trigger/fluid_space as TriggerFluidContainer: buildcraft.core.statements.TriggerFluidContainer@570ecbaa
Adding buildcraftcore:trigger/redstone_inactive as TriggerRedstoneInput: buildcraft.core.statements.TriggerRedstoneInput@75212bdf
Adding buildcrafttransport:pipe/sandstone_item as ItemStackValueFilter: 1xitem.PipeItemsSandstone@0
Adding buildcraftcore:trigger/fluid_full as TriggerFluidContainer: buildcraft.core.statements.TriggerFluidContainer@4d27e97f
Adding buildcrafttransport:trigger/pipe_signal_inactive as TriggerPipeSignal: buildcraft.transport.statements.TriggerPipeSignal@287226c6
Adding buildcrafttransport:trigger/pipe_signal_active as TriggerPipeSignal: buildcraft.transport.statements.TriggerPipeSignal@980fbf9
Adding buildcrafttransport:pipe/diamond_wood_fluid as ItemStackValueFilter: 1xitem.PipeFluidsWoodenDiamond@0
Unable to load buildcrafttransport:trigger/pipe_empty from {"type":"statement","book":"buildcraftcore:main","tag_type":"trigger","tag_subtype":"pipe_item","statement":"buildcraft:pipe_empty"} because Unknown statement 'buildcraft:pipe_empty'
Adding buildcraftcore:item/marker_connector as ItemStackValueFilter: 1xitem.markerConnector@0
Adding buildcraftcore:block/engine_creative as ItemStackValueFilter: Matching meta of 1xtile.engineBlock@1
Finished at: 2021-11-07T13:39:59.21, took 83ms
