[14:23:22] [main/INFO] [LaunchWrapper]: Loading tweak class name net.minecraftforge.fml.common.launcher.FMLTweaker
[14:23:22] [main/INFO] [LaunchWrapper]: Using primary tweak class name net.minecraftforge.fml.common.launcher.FMLTweaker
[14:23:22] [main/INFO] [LaunchWrapper]: Calling tweak class net.minecraftforge.fml.common.launcher.FMLTweaker
[14:23:22] [main/INFO] [FML]: Forge Mod Loader version 14.23.5.2855 for Minecraft 1.12.2 loading
[14:23:22] [main/INFO] [FML]: Java is Java HotSpot(TM) 64-Bit Server VM, version 1.8.0_51, running on Windows 10:amd64:10.0, installed at C:\Users\Drt\AppData\Roaming\.minecraft\runtime\jre-legacy\windows\jre-legacy
[14:23:23] [main/INFO] [FML]: Searching C:\Users\Drt\AppData\Roaming\.minecraft\mods for mods
[14:23:23] [main/INFO] [FML]: Searching C:\Users\Drt\AppData\Roaming\.minecraft\mods\1.12.2 for mods
[14:23:23] [main/INFO] [FML]: Loading tweaker guichaguri.betterfps.tweaker.BetterFpsTweaker from BetterFps-1.4.8.jar
[14:23:23] [main/WARN] [FML]: Found FMLCorePluginContainsFMLMod marker in botaniatweaks-1.8.2.jar. This is not recommended, @Mods should be in a separate jar from the coremod.
[14:23:23] [main/WARN] [FML]: The coremod Botania Tweaks Core (quaternary.botaniatweaks.asm.BotaniaTweakerPlugin) is not signed!
[14:23:23] [main/INFO] [FML]: Loading tweaker codechicken.asm.internal.Tweaker from ChickenASM-1.12-1.0.2.7.jar
[14:23:23] [main/WARN] [FML]: Found FMLCorePluginContainsFMLMod marker in DummyCoreUnofficial-2.4.112.5.jar. This is not recommended, @Mods should be in a separate jar from the coremod.
[14:23:23] [main/WARN] [FML]: The coremod DummyCore.ASM.DCLoadingPlugin does not have a MCVersion annotation, it may cause issues with this version of Minecraft
[14:23:23] [main/WARN] [FML]: Found FMLCorePluginContainsFMLMod marker in elulib-0.1.12.jar. This is not recommended, @Mods should be in a separate jar from the coremod.
[14:23:23] [main/WARN] [FML]: The coremod FMLPlugin (elucent.elulib.asm.FMLPlugin) is not signed!
[14:23:23] [main/WARN] [FML]: Found FMLCorePluginContainsFMLMod marker in EnderCore-1.12.2-0.5.45.jar. This is not recommended, @Mods should be in a separate jar from the coremod.
[14:23:23] [main/WARN] [FML]: Found FMLCorePluginContainsFMLMod marker in ExpandedEquivalence-1.12.2-11b.jar. This is not recommended, @Mods should be in a separate jar from the coremod.
[14:23:23] [main/WARN] [FML]: The coremod com.zeitheron.expequiv.core.EECore does not have a MCVersion annotation, it may cause issues with this version of Minecraft
[14:23:23] [main/WARN] [FML]: Found FMLCorePluginContainsFMLMod marker in foamfix-0.10.3-1.12.2.jar. This is not recommended, @Mods should be in a separate jar from the coremod.
[14:23:23] [main/WARN] [FML]: The coremod pl.asie.foamfix.coremod.FoamFixCore does not have a MCVersion annotation, it may cause issues with this version of Minecraft
[14:23:23] [main/WARN] [FML]: Found FMLCorePluginContainsFMLMod marker in Forgelin-1.8.2.jar. This is not recommended, @Mods should be in a separate jar from the coremod.
[14:23:23] [main/WARN] [FML]: The coremod net.shadowfacts.forgelin.preloader.ForgelinPlugin does not have a MCVersion annotation, it may cause issues with this version of Minecraft
[14:23:23] [main/WARN] [FML]: The coremod ForgelinPlugin (net.shadowfacts.forgelin.preloader.ForgelinPlugin) is not signed!
[14:23:23] [main/WARN] [FML]: Found FMLCorePluginContainsFMLMod marker in HammerCore-1.12.2-2.0.4.1.jar. This is not recommended, @Mods should be in a separate jar from the coremod.
[14:23:23] [main/WARN] [FML]: Found FMLCorePluginContainsFMLMod marker in InventoryTweaks-1.63.jar. This is not recommended, @Mods should be in a separate jar from the coremod.
[14:23:23] [main/WARN] [FML]: The coremod invtweaks.forge.asm.FMLPlugin does not have a MCVersion annotation, it may cause issues with this version of Minecraft
[14:23:23] [main/WARN] [FML]: The coremod ivorius.ivtoolkit.IvToolkitLoadingPlugin does not have a MCVersion annotation, it may cause issues with this version of Minecraft
[14:23:23] [main/WARN] [FML]: The coremod IvToolkit (ivorius.ivtoolkit.IvToolkitLoadingPlugin) is not signed!
[14:23:23] [main/WARN] [FML]: Found FMLCorePluginContainsFMLMod marker in librarianlib-1.12.2-4.15.jar. This is not recommended, @Mods should be in a separate jar from the coremod.
[14:23:23] [main/WARN] [FML]: The coremod com.teamwizardry.librarianlib.asm.LibLibCorePlugin does not have a MCVersion annotation, it may cause issues with this version of Minecraft
[14:23:23] [main/WARN] [FML]: The coremod LibrarianLib Plugin (com.teamwizardry.librarianlib.asm.LibLibCorePlugin) is not signed!
[14:23:23] [main/INFO] [FML]: Loading tweaker org.spongepowered.asm.launch.MixinTweaker from malisiscore-1.12.2-6.4.0.jar
[14:23:23] [main/INFO] [FML]: Loading tweaker optifine.OptiFineForgeTweaker from OptiFine-OptiFine-1.12.2_HD_U_G5.jar
[14:23:23] [main/INFO] [FML]: Loading tweaker optifine.OptiFineForgeTweaker from OptiFine_1.12.2_HD_U_E3.jar
[14:23:23] [main/WARN] [FML]: Found FMLCorePluginContainsFMLMod marker in ResourceLoader-MC1.12.1-1.5.3.jar. This is not recommended, @Mods should be in a separate jar from the coremod.
[14:23:23] [main/WARN] [FML]: The coremod lumien.resourceloader.asm.LoadingPlugin does not have a MCVersion annotation, it may cause issues with this version of Minecraft
[14:23:23] [main/WARN] [FML]: Found FMLCorePluginContainsFMLMod marker in SereneSeasons-1.12.2-1.2.15-universal.jar. This is not recommended, @Mods should be in a separate jar from the coremod.
[14:23:23] [main/WARN] [FML]: The coremod sereneseasons.asm.SSLoadingPlugin does not have a MCVersion annotation, it may cause issues with this version of Minecraft
[14:23:23] [main/WARN] [FML]: The coremod SSLoadingPlugin (sereneseasons.asm.SSLoadingPlugin) is not signed!
[14:23:23] [main/WARN] [FML]: Found FMLCorePluginContainsFMLMod marker in tlskincape_1.12.2-1.4.jar. This is not recommended, @Mods should be in a separate jar from the coremod.
[14:23:23] [main/WARN] [FML]: Found FMLCorePluginContainsFMLMod marker in TTFR-1.12.1-1.9.1.jar. This is not recommended, @Mods should be in a separate jar from the coremod.
[14:23:23] [main/WARN] [FML]: The coremod cubex2.ttfr.BetterFontsCore does not have a MCVersion annotation, it may cause issues with this version of Minecraft
[14:23:23] [main/WARN] [FML]: The coremod BetterFontsCore (cubex2.ttfr.BetterFontsCore) is not signed!
[14:23:23] [main/INFO] [LaunchWrapper]: Loading tweak class name net.minecraftforge.fml.common.launcher.FMLInjectionAndSortingTweaker
[14:23:23] [main/INFO] [LaunchWrapper]: Loading tweak class name guichaguri.betterfps.tweaker.BetterFpsTweaker
[14:23:23] [main/INFO] [LaunchWrapper]: Loading tweak class name codechicken.asm.internal.Tweaker
[14:23:23] [main/INFO] [LaunchWrapper]: Loading tweak class name org.spongepowered.asm.launch.MixinTweaker
[14:23:23] [main/INFO] [mixin]: SpongePowered MIXIN Subsystem Version=0.7.4 Source=file:/C:/Users/Drt/AppData/Roaming/.minecraft/mods/malisiscore-1.12.2-6.4.0.jar Service=LaunchWrapper Env=CLIENT
[14:23:24] [main/WARN] [FML]: The coremod net.malisis.core.asm.MalisisCorePlugin does not have a MCVersion annotation, it may cause issues with this version of Minecraft
[14:23:24] [main/WARN] [FML]: The coremod MalisisCorePlugin (net.malisis.core.asm.MalisisCorePlugin) is not signed!
[14:23:24] [main/INFO] [mixin]: Compatibility level set to JAVA_8
[14:23:24] [main/INFO] [LaunchWrapper]: Loading tweak class name optifine.OptiFineForgeTweaker
[14:23:24] [main/WARN] [LaunchWrapper]: Tweak class name optifine.OptiFineForgeTweaker has already been visited -- skipping
[14:23:24] [main/INFO] [LaunchWrapper]: Loading tweak class name net.minecraftforge.fml.common.launcher.FMLDeobfTweaker
[14:23:24] [main/INFO] [LaunchWrapper]: Calling tweak class net.minecraftforge.fml.common.launcher.FMLInjectionAndSortingTweaker
[14:23:24] [main/INFO] [LaunchWrapper]: Calling tweak class net.minecraftforge.fml.common.launcher.FMLInjectionAndSortingTweaker
[14:23:24] [main/INFO] [LaunchWrapper]: Calling tweak class optifine.OptiFineForgeTweaker
[14:23:24] [main/INFO] [STDOUT]: [optifine.OptiFineForgeTweaker:dbg:56]: OptiFineForgeTweaker: acceptOptions
[14:23:24] [main/INFO] [STDOUT]: [optifine.OptiFineForgeTweaker:dbg:56]: OptiFineForgeTweaker: injectIntoClassLoader
[14:23:24] [main/INFO] [STDOUT]: [optifine.OptiFineClassTransformer:dbg:242]: OptiFine ClassTransformer
[14:23:24] [main/INFO] [STDOUT]: [optifine.OptiFineClassTransformer:dbg:242]: OptiFine ZIP file: C:\Users\Drt\AppData\Roaming\.minecraft\mods\OptiFine-OptiFine-1.12.2_HD_U_G5.jar
[14:23:24] [main/INFO] [LaunchWrapper]: Calling tweak class net.minecraftforge.fml.relauncher.CoreModManager$FMLPluginWrapper
[14:23:26] [main/INFO] [FML]: Found valid fingerprint for Minecraft Forge. Certificate fingerprint e3c3d50c7c986df74c645c0ac54639741c90a557
[14:23:26] [main/INFO] [FML]: Found valid fingerprint for Minecraft. Certificate fingerprint cd99959656f753dc28d863b46769f7f8fbaefcfc
[14:23:26] [main/INFO] [LaunchWrapper]: Calling tweak class net.minecraftforge.fml.relauncher.CoreModManager$FMLPluginWrapper
[14:23:26] [main/INFO] [LaunchWrapper]: Calling tweak class net.minecraftforge.fml.relauncher.CoreModManager$FMLPluginWrapper
[14:23:26] [main/INFO] [LaunchWrapper]: Calling tweak class net.minecraftforge.fml.relauncher.CoreModManager$FMLPluginWrapper
[14:23:26] [main/INFO] [LaunchWrapper]: Calling tweak class net.minecraftforge.fml.relauncher.CoreModManager$FMLPluginWrapper
[14:23:26] [main/INFO] [LaunchWrapper]: Calling tweak class net.minecraftforge.fml.relauncher.CoreModManager$FMLPluginWrapper
[14:23:26] [main/INFO] [LaunchWrapper]: Calling tweak class net.minecraftforge.fml.relauncher.CoreModManager$FMLPluginWrapper
[14:23:26] [main/INFO] [LaunchWrapper]: Calling tweak class net.minecraftforge.fml.relauncher.CoreModManager$FMLPluginWrapper
[14:23:26] [main/INFO] [LaunchWrapper]: Calling tweak class net.minecraftforge.fml.relauncher.CoreModManager$FMLPluginWrapper
[14:23:26] [main/INFO] [STDOUT]: [gloomyfolken.hooklib.asm.HookLogger$SystemOutLogger:debug:20]: [DEBUG] Parsing hooks container gloomyfolken.hooklib.minecraft.SecondaryTransformerHook
[14:23:26] [main/INFO] [FML]: [HOOKLIB]  Obfuscated: true
[14:23:26] [main/INFO] [STDOUT]: [gloomyfolken.hooklib.asm.HookLogger$SystemOutLogger:debug:20]: [DEBUG] Parsing hooks container org.tlauncher.skin.cape.asm.TLSkinCapeHooks
[14:23:26] [main/INFO] [LaunchWrapper]: Calling tweak class net.minecraftforge.fml.relauncher.CoreModManager$FMLPluginWrapper
[14:23:26] [main/INFO] [LaunchWrapper]: Calling tweak class codechicken.asm.internal.Tweaker
[14:23:26] [main/INFO] [STDOUT]: [codechicken.asm.internal.Tweaker:injectIntoClassLoader:30]: false
[14:23:26] [main/INFO] [LaunchWrapper]: Calling tweak class org.spongepowered.asm.launch.MixinTweaker
[14:23:26] [main/INFO] [mixin]: Initialised Mixin FML Remapper Adapter with net.minecraftforge.fml.common.asm.transformers.deobf.FMLDeobfuscatingRemapper@1aa6e3c0
[14:23:26] [main/INFO] [LaunchWrapper]: Calling tweak class guichaguri.betterfps.tweaker.BetterFpsTweaker
[14:23:26] [main/INFO] [LaunchWrapper]: Calling tweak class net.minecraftforge.fml.common.launcher.FMLDeobfTweaker
[14:23:26] [main/INFO] [STDOUT]: [gloomyfolken.hooklib.asm.HookLogger$SystemOutLogger:debug:20]: [DEBUG] Injecting hooks into class net.minecraftforge.fml.common.Loader
[14:23:26] [main/INFO] [STDOUT]: [gloomyfolken.hooklib.asm.HookLogger$SystemOutLogger:debug:20]: [DEBUG] Patching method net.minecraftforge.fml.common.Loader#injectData([Ljava/lang/Object;)
[14:23:26] [main/INFO] [STDOUT]: [gloomyfolken.hooklib.asm.HookLogger$SystemOutLogger:debug:20]: [DEBUG] Methods dictionary loaded in 5 ms
[14:23:27] [main/INFO] [LaunchWrapper]: Calling tweak class net.minecraftforge.fml.relauncher.CoreModManager$FMLPluginWrapper
[14:23:27] [main/INFO] [LaunchWrapper]: Calling tweak class net.minecraftforge.fml.relauncher.CoreModManager$FMLPluginWrapper
[14:23:27] [main/INFO] [LaunchWrapper]: Calling tweak class net.minecraftforge.fml.relauncher.CoreModManager$FMLPluginWrapper
[14:23:27] [main/INFO] [LaunchWrapper]: Calling tweak class net.minecraftforge.fml.relauncher.CoreModManager$FMLPluginWrapper
[14:23:27] [main/INFO] [LaunchWrapper]: Calling tweak class net.minecraftforge.fml.relauncher.CoreModManager$FMLPluginWrapper
[14:23:27] [main/INFO] [LaunchWrapper]: Calling tweak class net.minecraftforge.fml.relauncher.CoreModManager$FMLPluginWrapper
[14:23:27] [main/INFO] [LaunchWrapper]: Calling tweak class net.minecraftforge.fml.relauncher.CoreModManager$FMLPluginWrapper
[14:23:27] [main/INFO] [LaunchWrapper]: Calling tweak class net.minecraftforge.fml.relauncher.CoreModManager$FMLPluginWrapper
[14:23:27] [main/INFO] [LaunchWrapper]: Calling tweak class net.minecraftforge.fml.relauncher.CoreModManager$FMLPluginWrapper
[14:23:27] [main/INFO] [LaunchWrapper]: Loading tweak class name net.minecraftforge.fml.common.launcher.TerminalTweaker
[14:23:27] [main/INFO] [LaunchWrapper]: Loading tweak class name org.spongepowered.asm.mixin.EnvironmentStateTweaker
[14:23:27] [main/INFO] [LaunchWrapper]: Calling tweak class net.minecraftforge.fml.common.launcher.TerminalTweaker
[14:23:27] [main/INFO] [LaunchWrapper]: Calling tweak class org.spongepowered.asm.mixin.EnvironmentStateTweaker
[14:23:27] [main/INFO] [STDOUT]: [optifine.OptiFineForgeTweaker:dbg:56]: OptiFineForgeTweaker: getLaunchArguments
[14:23:27] [main/INFO] [Hammer Core [ASM]]: Transforming net.minecraft.world.World (amu)...
[14:23:27] [main/INFO] [Hammer Core [ASM]]:   -Patching World...
[14:23:27] [main/INFO] [mixin]: A re-entrant transformer '$wrapper.com.zeitheron.hammercore.asm.HammerCoreTransformer' was detected and will no longer process meta class data
[14:23:27] [main/INFO] [mixin]: A re-entrant transformer '$wrapper.sereneseasons.asm.transformer.WorldTransformer' was detected and will no longer process meta class data
[14:23:27] [main/INFO] [STDOUT]: [pl.asie.foamfix.coremod.FoamFixTransformer:spliceClasses:112]: Added INTERFACE: pl/asie/foamfix/coremod/patches/IFoamFixWorldRemovable
[14:23:27] [main/INFO] [STDOUT]: [pl.asie.foamfix.coremod.FoamFixTransformer:spliceClasses:149]: Added METHOD: net.minecraft.world.World.foamfix_removeUnloadedEntities
[14:23:27] [main/INFO] [STDOUT]: [pl.asie.foamfix.coremod.patches.WorldServerRemovalPatch:apply:65]: Patched updateEntities in net/minecraft/world/WorldServer func_72939_s
[14:23:27] [main/INFO] [dsurroundcore]: Transmorgrifying [net.minecraft.world.WorldServer]: resetRainAndThunder
[14:23:27] [main/INFO] [dsurroundcore]: func_73051_P()V: Found!
[14:23:27] [main/INFO] [dsurroundcore]: Transmorgrified [net.minecraft.world.WorldServer]: resetRainAndThunder
[14:23:27] [main/INFO] [STDOUT]: [pl.asie.patchy.helpers.ConstructorReplacingTransformer$FFMethodVisitor:visitTypeInsn:75]: Replaced NEW for net/minecraft/util/ClassInheritanceMultiMap to pl/asie/foamfix/coremod/common/FoamyClassInheritanceMultiMap
[14:23:27] [main/INFO] [STDOUT]: [pl.asie.patchy.helpers.ConstructorReplacingTransformer$FFMethodVisitor:visitMethodInsn:87]: Replaced INVOKESPECIAL for net/minecraft/util/ClassInheritanceMultiMap to pl/asie/foamfix/coremod/common/FoamyClassInheritanceMultiMap
[14:23:27] [main/INFO] [mixin]: A re-entrant transformer '$wrapper.pl.asie.foamfix.coremod.FoamFixTransformer' was detected and will no longer process meta class data
[14:23:27] [main/INFO] [LibrarianLib ASM]: Transforming BlockRendererDispatcher
[14:23:27] [main/INFO] [LibrarianLib ASM]: Applying Transformation to method (Names [renderBlock, func_175018_a] Descriptor (Lnet/minecraft/block/state/IBlockState;Lnet/minecraft/util/math/BlockPos;Lnet/minecraft/world/IBlockAccess;Lnet/minecraft/client/renderer/BufferBuilder;)Z)
[14:23:27] [main/INFO] [LibrarianLib ASM]: Attempting to insert: Block render hook
[14:23:27] [main/INFO] [LibrarianLib ASM]: Patch result: Success
[14:23:27] [main/INFO] [LibrarianLib ASM]: Applying Transformation to method (Names [renderBlock, func_175018_a] Descriptor (Lnet/minecraft/block/state/IBlockState;Lnet/minecraft/util/math/BlockPos;Lnet/minecraft/world/IBlockAccess;Lnet/minecraft/client/renderer/BufferBuilder;)Z)
[14:23:27] [main/INFO] [LibrarianLib ASM]: Attempting to insert: Fluid render hook
[14:23:27] [main/INFO] [LibrarianLib ASM]: Patch result: Success
[14:23:27] [main/INFO] [STDERR]: [DummyCore.ASM.DCASMManager:handleItemOverlays:91]: java.lang.NullPointerException
[14:23:27] [main/INFO] [STDERR]: [DummyCore.ASM.DCASMManager:handleItemOverlays:91]: 	at DummyCore.ASM.DCASMManager.handleItemOverlays(DCASMManager.java:80)
[14:23:27] [main/INFO] [STDERR]: [DummyCore.ASM.DCASMManager:handleItemOverlays:91]: 	at DummyCore.ASM.DCASMManager.transform(DCASMManager.java:43)
[14:23:27] [main/INFO] [STDERR]: [DummyCore.ASM.DCASMManager:handleItemOverlays:91]: 	at net.minecraftforge.fml.common.asm.ASMTransformerWrapper$TransformerWrapper.transform(ASMTransformerWrapper.java:256)
[14:23:27] [main/INFO] [STDERR]: [DummyCore.ASM.DCASMManager:handleItemOverlays:91]: 	at org.spongepowered.asm.service.mojang.LegacyTransformerHandle.transformClassBytes(LegacyTransformerHandle.java:71)
[14:23:27] [main/INFO] [STDERR]: [DummyCore.ASM.DCASMManager:handleItemOverlays:91]: 	at org.spongepowered.asm.service.mojang.MixinServiceLaunchWrapper.applyTransformers(MixinServiceLaunchWrapper.java:372)
[14:23:27] [main/INFO] [STDERR]: [DummyCore.ASM.DCASMManager:handleItemOverlays:91]: 	at org.spongepowered.asm.service.mojang.MixinServiceLaunchWrapper.getClassBytes(MixinServiceLaunchWrapper.java:336)
[14:23:27] [main/INFO] [STDERR]: [DummyCore.ASM.DCASMManager:handleItemOverlays:91]: 	at org.spongepowered.asm.service.mojang.MixinServiceLaunchWrapper.getClassNode(MixinServiceLaunchWrapper.java:416)
[14:23:27] [main/INFO] [STDERR]: [DummyCore.ASM.DCASMManager:handleItemOverlays:91]: 	at org.spongepowered.asm.mixin.transformer.ClassInfo.forName(ClassInfo.java:1676)
[14:23:27] [main/INFO] [STDERR]: [DummyCore.ASM.DCASMManager:handleItemOverlays:91]: 	at org.spongepowered.asm.mixin.transformer.MixinInfo.getTarget(MixinInfo.java:908)
[14:23:27] [main/INFO] [STDERR]: [DummyCore.ASM.DCASMManager:handleItemOverlays:91]: 	at org.spongepowered.asm.mixin.transformer.MixinInfo.readTargets(MixinInfo.java:891)
[14:23:27] [main/INFO] [STDERR]: [DummyCore.ASM.DCASMManager:handleItemOverlays:91]: 	at org.spongepowered.asm.mixin.transformer.MixinInfo.readTargetClasses(MixinInfo.java:856)
[14:23:27] [main/INFO] [STDERR]: [DummyCore.ASM.DCASMManager:handleItemOverlays:91]: 	at org.spongepowered.asm.mixin.transformer.MixinInfo.<init>(MixinInfo.java:809)
[14:23:27] [main/INFO] [STDERR]: [DummyCore.ASM.DCASMManager:handleItemOverlays:91]: 	at org.spongepowered.asm.mixin.transformer.MixinConfig.prepareMixins(MixinConfig.java:569)
[14:23:27] [main/INFO] [STDERR]: [DummyCore.ASM.DCASMManager:handleItemOverlays:91]: 	at org.spongepowered.asm.mixin.transformer.MixinConfig.prepare(MixinConfig.java:506)
[14:23:27] [main/INFO] [STDERR]: [DummyCore.ASM.DCASMManager:handleItemOverlays:91]: 	at org.spongepowered.asm.mixin.transformer.MixinTransformer.prepareConfigs(MixinTransformer.java:647)
[14:23:27] [main/INFO] [STDERR]: [DummyCore.ASM.DCASMManager:handleItemOverlays:91]: 	at org.spongepowered.asm.mixin.transformer.MixinTransformer.select(MixinTransformer.java:572)
[14:23:27] [main/INFO] [STDERR]: [DummyCore.ASM.DCASMManager:handleItemOverlays:91]: 	at org.spongepowered.asm.mixin.transformer.MixinTransformer.checkSelect(MixinTransformer.java:548)
[14:23:27] [main/INFO] [STDERR]: [DummyCore.ASM.DCASMManager:handleItemOverlays:91]: 	at org.spongepowered.asm.mixin.transformer.MixinTransformer.transformClassBytes(MixinTransformer.java:451)
[14:23:27] [main/INFO] [STDERR]: [DummyCore.ASM.DCASMManager:handleItemOverlays:91]: 	at org.spongepowered.asm.mixin.transformer.Proxy.transform(Proxy.java:72)
[14:23:27] [main/INFO] [STDERR]: [DummyCore.ASM.DCASMManager:handleItemOverlays:91]: 	at net.minecraft.launchwrapper.LaunchClassLoader.runTransformers(LaunchClassLoader.java:279)
[14:23:27] [main/INFO] [STDERR]: [DummyCore.ASM.DCASMManager:handleItemOverlays:91]: 	at net.minecraft.launchwrapper.LaunchClassLoader.findClass(LaunchClassLoader.java:176)
[14:23:27] [main/INFO] [STDERR]: [DummyCore.ASM.DCASMManager:handleItemOverlays:91]: 	at java.lang.ClassLoader.loadClass(ClassLoader.java:424)
[14:23:27] [main/INFO] [STDERR]: [DummyCore.ASM.DCASMManager:handleItemOverlays:91]: 	at java.lang.ClassLoader.loadClass(ClassLoader.java:357)
[14:23:27] [main/INFO] [STDERR]: [DummyCore.ASM.DCASMManager:handleItemOverlays:91]: 	at java.lang.Class.forName0(Native Method)
[14:23:27] [main/INFO] [STDERR]: [DummyCore.ASM.DCASMManager:handleItemOverlays:91]: 	at java.lang.Class.forName(Class.java:348)
[14:23:27] [main/INFO] [STDERR]: [DummyCore.ASM.DCASMManager:handleItemOverlays:91]: 	at net.minecraft.launchwrapper.Launch.launch(Launch.java:131)
[14:23:27] [main/INFO] [STDERR]: [DummyCore.ASM.DCASMManager:handleItemOverlays:91]: 	at net.minecraft.launchwrapper.Launch.main(Launch.java:28)
[14:23:27] [main/INFO] [STDERR]: [DummyCore.Utils.LoadingUtils:makeACrash:49]: java.lang.NullPointerException
[14:23:27] [main/INFO] [STDERR]: [DummyCore.Utils.LoadingUtils:makeACrash:49]: 	at DummyCore.ASM.DCASMManager.handleItemOverlays(DCASMManager.java:80)
[14:23:27] [main/INFO] [STDERR]: [DummyCore.Utils.LoadingUtils:makeACrash:49]: 	at DummyCore.ASM.DCASMManager.transform(DCASMManager.java:43)
[14:23:27] [main/INFO] [STDERR]: [DummyCore.Utils.LoadingUtils:makeACrash:49]: 	at net.minecraftforge.fml.common.asm.ASMTransformerWrapper$TransformerWrapper.transform(ASMTransformerWrapper.java:256)
[14:23:27] [main/INFO] [STDERR]: [DummyCore.Utils.LoadingUtils:makeACrash:49]: 	at org.spongepowered.asm.service.mojang.LegacyTransformerHandle.transformClassBytes(LegacyTransformerHandle.java:71)
[14:23:27] [main/INFO] [STDERR]: [DummyCore.Utils.LoadingUtils:makeACrash:49]: 	at org.spongepowered.asm.service.mojang.MixinServiceLaunchWrapper.applyTransformers(MixinServiceLaunchWrapper.java:372)
[14:23:27] [main/INFO] [STDERR]: [DummyCore.Utils.LoadingUtils:makeACrash:49]: 	at org.spongepowered.asm.service.mojang.MixinServiceLaunchWrapper.getClassBytes(MixinServiceLaunchWrapper.java:336)
[14:23:27] [main/INFO] [STDERR]: [DummyCore.Utils.LoadingUtils:makeACrash:49]: 	at org.spongepowered.asm.service.mojang.MixinServiceLaunchWrapper.getClassNode(MixinServiceLaunchWrapper.java:416)
[14:23:27] [main/INFO] [STDERR]: [DummyCore.Utils.LoadingUtils:makeACrash:49]: 	at org.spongepowered.asm.mixin.transformer.ClassInfo.forName(ClassInfo.java:1676)
[14:23:27] [main/INFO] [STDERR]: [DummyCore.Utils.LoadingUtils:makeACrash:49]: 	at org.spongepowered.asm.mixin.transformer.MixinInfo.getTarget(MixinInfo.java:908)
[14:23:27] [main/INFO] [STDERR]: [DummyCore.Utils.LoadingUtils:makeACrash:49]: 	at org.spongepowered.asm.mixin.transformer.MixinInfo.readTargets(MixinInfo.java:891)
[14:23:27] [main/INFO] [STDERR]: [DummyCore.Utils.LoadingUtils:makeACrash:49]: 	at org.spongepowered.asm.mixin.transformer.MixinInfo.readTargetClasses(MixinInfo.java:856)
[14:23:27] [main/INFO] [STDERR]: [DummyCore.Utils.LoadingUtils:makeACrash:49]: 	at org.spongepowered.asm.mixin.transformer.MixinInfo.<init>(MixinInfo.java:809)
[14:23:27] [main/INFO] [STDERR]: [DummyCore.Utils.LoadingUtils:makeACrash:49]: 	at org.spongepowered.asm.mixin.transformer.MixinConfig.prepareMixins(MixinConfig.java:569)
[14:23:27] [main/INFO] [STDERR]: [DummyCore.Utils.LoadingUtils:makeACrash:49]: 	at org.spongepowered.asm.mixin.transformer.MixinConfig.prepare(MixinConfig.java:506)
[14:23:27] [main/INFO] [STDERR]: [DummyCore.Utils.LoadingUtils:makeACrash:49]: 	at org.spongepowered.asm.mixin.transformer.MixinTransformer.prepareConfigs(MixinTransformer.java:647)
[14:23:27] [main/INFO] [STDERR]: [DummyCore.Utils.LoadingUtils:makeACrash:49]: 	at org.spongepowered.asm.mixin.transformer.MixinTransformer.select(MixinTransformer.java:572)
[14:23:27] [main/INFO] [STDERR]: [DummyCore.Utils.LoadingUtils:makeACrash:49]: 	at org.spongepowered.asm.mixin.transformer.MixinTransformer.checkSelect(MixinTransformer.java:548)
[14:23:27] [main/INFO] [STDERR]: [DummyCore.Utils.LoadingUtils:makeACrash:49]: 	at org.spongepowered.asm.mixin.transformer.MixinTransformer.transformClassBytes(MixinTransformer.java:451)
[14:23:27] [main/INFO] [STDERR]: [DummyCore.Utils.LoadingUtils:makeACrash:49]: 	at org.spongepowered.asm.mixin.transformer.Proxy.transform(Proxy.java:72)
[14:23:27] [main/INFO] [STDERR]: [DummyCore.Utils.LoadingUtils:makeACrash:49]: 	at net.minecraft.launchwrapper.LaunchClassLoader.runTransformers(LaunchClassLoader.java:279)
[14:23:27] [main/INFO] [STDERR]: [DummyCore.Utils.LoadingUtils:makeACrash:49]: 	at net.minecraft.launchwrapper.LaunchClassLoader.findClass(LaunchClassLoader.java:176)
[14:23:27] [main/INFO] [STDERR]: [DummyCore.Utils.LoadingUtils:makeACrash:49]: 	at java.lang.ClassLoader.loadClass(ClassLoader.java:424)
[14:23:27] [main/INFO] [STDERR]: [DummyCore.Utils.LoadingUtils:makeACrash:49]: 	at java.lang.ClassLoader.loadClass(ClassLoader.java:357)
[14:23:27] [main/INFO] [STDERR]: [DummyCore.Utils.LoadingUtils:makeACrash:49]: 	at java.lang.Class.forName0(Native Method)
[14:23:27] [main/INFO] [STDERR]: [DummyCore.Utils.LoadingUtils:makeACrash:49]: 	at java.lang.Class.forName(Class.java:348)
[14:23:27] [main/INFO] [STDERR]: [DummyCore.Utils.LoadingUtils:makeACrash:49]: 	at net.minecraft.launchwrapper.Launch.launch(Launch.java:131)
[14:23:27] [main/INFO] [STDERR]: [DummyCore.Utils.LoadingUtils:makeACrash:49]: 	at net.minecraft.launchwrapper.Launch.main(Launch.java:28)
[14:23:27] [main/INFO] [mixin]: A re-entrant transformer '$wrapper.DummyCore.ASM.DCASMManager' was detected and will no longer process meta class data
[14:23:27] [main/INFO] [LibrarianLib ASM]: Transforming RenderItem
[14:23:27] [main/INFO] [LibrarianLib ASM]: Applying Transformation to method (Names [renderItem, func_180454_a] Descriptor (Lnet/minecraft/item/ItemStack;Lnet/minecraft/client/renderer/block/model/IBakedModel;)V)
[14:23:27] [main/INFO] [LibrarianLib ASM]: Attempting to insert: Item render hook
[14:23:27] [main/INFO] [LibrarianLib ASM]: Patch result: Success
[14:23:27] [main/INFO] [LibrarianLib ASM]: Applying Transformation to method (Names [renderEffect, func_191966_a] Descriptor (Lnet/minecraft/client/renderer/block/model/IBakedModel;)V)
[14:23:27] [main/INFO] [LibrarianLib ASM]: Attempting to insert: Enchantment glint glow activation
[14:23:27] [main/INFO] [LibrarianLib ASM]: Patch result: Success
[14:23:27] [main/INFO] [LibrarianLib ASM]: Applying Transformation to method (Names [renderEffect, func_191966_a] Descriptor (Lnet/minecraft/client/renderer/block/model/IBakedModel;)V)
[14:23:27] [main/INFO] [LibrarianLib ASM]: Attempting to insert: Enchantment glint glow return
[14:23:27] [main/INFO] [LibrarianLib ASM]: Patch result: Success
[14:23:27] [main/INFO] [mixin]: A re-entrant transformer '$wrapper.com.teamwizardry.librarianlib.asm.LibLibTransformer' was detected and will no longer process meta class data
[14:23:27] [main/INFO] [STDOUT]: [elucent.elulib.asm.ASMTransformer:patchRenderItemASM:124]: Successfully loaded RenderItem ASM!
[14:23:27] [main/INFO] [EnderCore ASM]: Transforming Class [net.minecraft.client.renderer.RenderItem], Method [func_180453_a, func_184391_a]
[14:23:27] [main/INFO] [EnderCore ASM]: Transforming failed. Applying ersatz patch...
[14:23:27] [main/WARN] [EnderCore ASM]: Ersatz patch applied, things may break!
[14:23:27] [main/INFO] [EnderCore ASM]: Transforming net.minecraft.client.renderer.RenderItem Finished.
[14:23:27] [main/INFO] [LaunchWrapper]: Launching wrapped minecraft {net.minecraft.client.main.Main}
[14:23:27] [main/INFO] [BetterFps]: Patching net.minecraft.client.Minecraft... (bib)
[14:23:28] [main/INFO] [STDOUT]: [gloomyfolken.hooklib.asm.HookLogger$SystemOutLogger:debug:20]: [DEBUG] Injecting hooks into class net.minecraft.entity.player.EntityPlayer
[14:23:28] [main/INFO] [STDOUT]: [gloomyfolken.hooklib.asm.HookLogger$SystemOutLogger:debug:20]: [DEBUG] Patching method net.minecraft.entity.player.EntityPlayer#isWearing(Lnet/minecraft/entity/player/EnumPlayerModelParts;)
[14:23:28] [main/INFO] [EnderCore ASM]: Transforming net.minecraft.entity.player.EntityPlayer finished, added func_184613_cA() overriding EntityLivingBase
[14:23:28] [main/INFO] [Hammer Core [ASM]]: Transforming net.minecraft.entity.EntityLivingBase (vp)...
[14:23:28] [main/INFO] [Hammer Core [ASM]]:   -Patching EntityLivingBase
[14:23:28] [main/INFO] [Hammer Core [ASM]]:     -Modified method 'onItemUseFinish': added event call.
[14:23:28] [main/INFO] [LibrarianLib ASM]: Transforming Entity
[14:23:28] [main/INFO] [LibrarianLib ASM]: Applying Transformation to method (Names [onUpdate, func_70071_h_] Descriptor ()V)
[14:23:28] [main/INFO] [LibrarianLib ASM]: Attempting to insert: Update hook
[14:23:28] [main/INFO] [LibrarianLib ASM]: Patch result: Success
[14:23:28] [main/INFO] [BetterFps]: Patching net.minecraft.client.entity.EntityPlayerSP... (bud)
[14:23:28] [main/INFO] [STDOUT]: [gloomyfolken.hooklib.asm.HookLogger$SystemOutLogger:debug:20]: [DEBUG] Injecting hooks into class net.minecraft.client.entity.AbstractClientPlayer
[14:23:28] [main/INFO] [STDOUT]: [gloomyfolken.hooklib.asm.HookLogger$SystemOutLogger:debug:20]: [DEBUG] Patching method net.minecraft.client.entity.AbstractClientPlayer#getLocationSkin()Lnet/minecraft/util/ResourceLocation;
[14:23:28] [main/INFO] [STDOUT]: [gloomyfolken.hooklib.asm.HookLogger$SystemOutLogger:debug:20]: [DEBUG] Patching method net.minecraft.client.entity.AbstractClientPlayer#getLocationCape()Lnet/minecraft/util/ResourceLocation;
[14:23:28] [main/INFO] [STDOUT]: [gloomyfolken.hooklib.asm.HookLogger$SystemOutLogger:debug:20]: [DEBUG] Patching method net.minecraft.client.entity.AbstractClientPlayer#getSkinType()
[14:23:28] [main/INFO] [Hammer Core [ASM]]: Transforming net.minecraft.world.World (amu)...
[14:23:28] [main/INFO] [Hammer Core [ASM]]:   -Patching World...
[14:23:28] [main/INFO] [STDOUT]: [pl.asie.foamfix.coremod.FoamFixTransformer:spliceClasses:112]: Added INTERFACE: pl/asie/foamfix/coremod/patches/IFoamFixWorldRemovable
[14:23:28] [main/INFO] [STDOUT]: [pl.asie.foamfix.coremod.FoamFixTransformer:spliceClasses:149]: Added METHOD: net.minecraft.world.World.foamfix_removeUnloadedEntities
[14:23:28] [main/INFO] [BetterFps]: Patching net.minecraft.block.Block... (aow)
[14:23:28] [main/INFO] [STDOUT]: [pl.asie.foamfix.coremod.patches.WorldServerRemovalPatch:apply:65]: Patched updateEntities in net/minecraft/world/WorldServer func_72939_s
[14:23:28] [main/INFO] [dsurroundcore]: Transmorgrifying [net.minecraft.world.WorldServer]: resetRainAndThunder
[14:23:28] [main/INFO] [dsurroundcore]: func_73051_P()V: Found!
[14:23:28] [main/INFO] [dsurroundcore]: Transmorgrified [net.minecraft.world.WorldServer]: resetRainAndThunder
[14:23:28] [main/INFO] [STDOUT]: [pl.asie.foamfix.coremod.FoamFixTransformer:spliceClasses:125]: Spliced in METHOD: net.minecraft.client.util.SearchTreeManager.func_110549_a
[14:23:28] [main/INFO] [Hammer Core [ASM]]: Transforming net.minecraftforge.client.ForgeHooksClient (net.minecraftforge.client.ForgeHooksClient)...
[14:23:28] [main/INFO] [Hammer Core [ASM]]:   -Patching ForgeHooksClient
[14:23:28] [main/INFO] [STDOUT]: [elucent.elulib.asm.ASMTransformer:patchForgeHooksASM:74]: Successfully patched ForgeHooksClient!
[14:23:28] [main/ERROR] [LaunchWrapper]: Unable to launch
java.lang.reflect.InvocationTargetException: null
	at sun.reflect.NativeMethodAccessorImpl.invoke0(Native Method) ~[?:1.8.0_51]
	at sun.reflect.NativeMethodAccessorImpl.invoke(NativeMethodAccessorImpl.java:62) ~[?:1.8.0_51]
	at sun.reflect.DelegatingMethodAccessorImpl.invoke(DelegatingMethodAccessorImpl.java:43) ~[?:1.8.0_51]
	at java.lang.reflect.Method.invoke(Method.java:497) ~[?:1.8.0_51]
	at net.minecraft.launchwrapper.Launch.launch(Launch.java:135) [launchwrapper-1.12.jar:?]
	at net.minecraft.launchwrapper.Launch.main(Launch.java:28) [launchwrapper-1.12.jar:?]
Caused by: java.lang.VerifyError: Bad type on operand stack
Exception Details:
  Location:
    net/minecraftforge/client/ForgeHooksClient.invalidateLog4jThreadCache()V @65: invokeinterface
  Reason:
    Type 'java/lang/Object' (current frame, stack[2]) is not assignable to 'java/lang/Throwable'
  Current Frame:
    bci: @65
    flags: { }
    locals: { 'java/lang/Object' }
    stack: { 'org/apache/logging/log4j/Logger', 'java/lang/String', 'java/lang/Object' }
  Bytecode:
    0x0000000: 1305 c913 05cb b605 cf4b 1305 d113 05d3
    0x0000010: b605 cf4c 2a04 b605 d92b 04b6 05d9 2a01
    0x0000020: b605 dac0 0124 01b6 0128 2b01 b605 dac0
    0x0000030: 0124 01b6 0128 a700 104b b202 fc13 05dc
    0x0000040: 2ab9 05e0 0300 b1                      
  Exception Handler Table:
    bci [0, 54] => handler: 57
    bci [0, 54] => handler: 57
  Stackmap Table:
    same_locals_1_stack_item_frame(@57,Object[#4])
    append_frame(@70,Object[#4])

	at net.minecraft.client.Minecraft.<init>(Minecraft.java:335) ~[bib.class:?]
	at net.minecraft.client.main.Main.main(SourceFile:123) ~[Main.class:?]
	... 6 more
[14:23:28] [main/INFO] [STDERR]: [java.lang.ThreadGroup:uncaughtException:1052]: net.minecraftforge.fml.relauncher.FMLSecurityManager$ExitTrappedException
[14:23:28] [main/INFO] [STDERR]: [java.lang.ThreadGroup:uncaughtException:1052]: 	at net.minecraftforge.fml.relauncher.FMLSecurityManager.checkPermission(FMLSecurityManager.java:49)
[14:23:28] [main/INFO] [STDERR]: [java.lang.ThreadGroup:uncaughtException:1052]: 	at java.lang.SecurityManager.checkExit(SecurityManager.java:761)
[14:23:28] [main/INFO] [STDERR]: [java.lang.ThreadGroup:uncaughtException:1052]: 	at java.lang.Runtime.exit(Runtime.java:107)
[14:23:28] [main/INFO] [STDERR]: [java.lang.ThreadGroup:uncaughtException:1052]: 	at java.lang.System.exit(System.java:971)
[14:23:28] [main/INFO] [STDERR]: [java.lang.ThreadGroup:uncaughtException:1052]: 	at net.minecraft.launchwrapper.Launch.launch(Launch.java:138)
[14:23:28] [main/INFO] [STDERR]: [java.lang.ThreadGroup:uncaughtException:1052]: 	at net.minecraft.launchwrapper.Launch.main(Launch.java:28)
