
-------------------------------------------------------------------
[Downloader2] Loaded configuration: normal
[Bootstrapper] createLauncher
[Bootstrapper] choose jvm:C:\Users\Drt\AppData\Roaming\.tlauncher\jvms\jre1.8.0_281\bin\javaw.exe
[Bootstrapper] validate files
[Bootstrapper] end validated files
[Bootstrapper] Starting launcher...
[Double running] clear time label
> Loading configuration from file: C:\Users\Drt\AppData\Roaming\.tlauncher\tlauncher-2.0.properties
> [Configuration] Constant values: {}
> [Loading] INITIALIZING
> Starting TLauncher 2.83 RELEASE
> For more information, visit https://tlauncher.org/
> Startup time: 06.11.2021 22:09:37
> Running folder C:\Users\Drt\AppData\Roaming\.minecraft
> ---
> [Loading] LOADING_CONFIGURATION
> Machine info: -------------------------------------------------------
> Windows 10 10.0, Java 1.8.0_281, jvm bit x64, 12221 MB RAM
> java path=C:\Users\Drt\AppData\Roaming\.tlauncher\jvms\jre1.8.0_281\bin\javaw.exe
> Intel(R) Core(TM) i5-4460  CPU @ 3.20GHz
>  NVIDIA GeForce GTX 750, NVIDIA GeForce GTX 750, 7095 MB
> -------------------------------------------------------
> Selected locale: ru_RU
> [Loading] LOADING_CONSOLE
> [Downloader2] Loaded configuration: good
> [Updater] Requesting an update...
> [Updater] Requesting from: http://repo.tlauncher.org/update/lch/update_2.0.json
> [Updater] Making request: http://repo.tlauncher.org/update/lch/update_2.0.json?version=2.83&client=6de35532-2556-40ec-b783-47175bd3b128
> [Updater] Request time: 45 ms
> [Updater] Successfully requested from: http://repo.tlauncher.org/update/lch/update_2.0.json
> [Browser] Loading resources...
> [Browser] Loading background...
> [Browser] Cleaning up after loading:
> Starting garbage collector: 62 / 149 MB
> Garbage collector completed: 17 / 172 MB
> [Loading] LOADING_MANAGERS
> [LocalVersionList] Base directory: C:\Users\Drt\AppData\Roaming\.minecraft
> [ProfileManager] Refreshing profiles from: C:\Users\Drt\AppData\Roaming\.minecraft\TlauncherProfiles.json
> [GsonUtil]  request to http://repo.tlauncher.org/update/downloads/libraries/org/tlauncher/authlib/libraries-1.7.json
> [AdvertisingStatusObserver]  started to get ad information
> [AdvertisingStatusObserver]  finished to get add information
> save profiles
> [Loading] LOADING_WINDOW
> [JFXStartPageLoader]  start load page: https://page.tlauncher.org/update/downloads/configs/client/index.html
> [REPO][SERVER_LIST_REPO] Success: Reached the repo in 17 ms.
> [Browser] Running in JavaFX Thread
> [Browser] Preparing JavaFX...
> [Browser] Initializing...
> [Swing] Favicons loaded: 256px, 128px, 96px, 64px, 48px, 32px, 24px, 16px
> [Loading] PREPARING_MAINPANE
> [JFXStartPageLoader]  succeeded load page: https://page.tlauncher.org/update/downloads/configs/client/index.html during 0
> [Browser@1351948308] Loaded successfully: "https://page.tlauncher.org/update/downloads/configs/client/index.html"
> [Browser] add listens into server_choose
> [Browser] finished listens into server_choose
> [Downloader2] Loaded configuration: good
> [Loading] POSTINIT_GUI
> [Frame] Packing main frame...
> [Frame] Resizing main pane...
> Updater is already closed. Showing up...
> Visibility set.
> [Loading] REFRESHING_INFO
> Started! (5169 ms.)
> [Loading] SUCCESS
[Bootstrapper] I can be terminated now: 0
