[Loading] INITIALIZING
Starting TLauncher 2.83 RELEASE
For more information, visit https://tlauncher.org/
Startup time: 06.11.2021 21:39:42
Running folder C:\Users\Drt\AppData\Roaming\.minecraft
---
[Loading] LOADING_CONFIGURATION
Machine info: -------------------------------------------------------
Windows 10 10.0, Java 1.8.0_281, jvm bit x64, 12221 MB RAM
java path=C:\Users\Drt\AppData\Roaming\.tlauncher\jvms\jre1.8.0_281\bin\javaw.exe
Intel(R) Core(TM) i5-4460  CPU @ 3.20GHz
 NVIDIA GeForce GTX 750, NVIDIA GeForce GTX 750, 7095 MB
-------------------------------------------------------
Selected locale: ru_RU
[Loading] LOADING_CONSOLE
[Downloader2] Loaded configuration: good
[Updater] Requesting an update...
[Updater] Requesting from: http://repo.tlauncher.org/update/lch/update_2.0.json
[Updater] Making request: http://repo.tlauncher.org/update/lch/update_2.0.json?version=2.83&client=6de35532-2556-40ec-b783-47175bd3b128
[Updater] Request time: 111 ms
[Updater] Successfully requested from: http://repo.tlauncher.org/update/lch/update_2.0.json
[Browser] Loading resources...
[Browser] Loading background...
[Browser] Cleaning up after loading:
Starting garbage collector: 64 / 150 MB
Garbage collector completed: 18 / 178 MB
[Loading] LOADING_MANAGERS
[JFXStartPageLoader]  start load page: https://page.tlauncher.org/update/downloads/configs/client/index.html
[LocalVersionList] Base directory: C:\Users\Drt\AppData\Roaming\.minecraft
[Browser] Running in JavaFX Thread
[Browser] Preparing JavaFX...
[ProfileManager] Refreshing profiles from: C:\Users\Drt\AppData\Roaming\.minecraft\TlauncherProfiles.json
[AdvertisingStatusObserver]  started to get ad information
[AdvertisingStatusObserver]  finished to get add information
save profiles
[GsonUtil]  request to http://repo.tlauncher.org/update/downloads/libraries/org/tlauncher/authlib/libraries-1.7.json
[Loading] LOADING_WINDOW
[Browser] Initializing...
[REPO][SERVER_LIST_REPO] Success: Reached the repo in 34 ms.
[Swing] Favicons loaded: 256px, 128px, 96px, 64px, 48px, 32px, 24px, 16px
[Loading] PREPARING_MAINPANE
[JFXStartPageLoader]  succeeded load page: https://page.tlauncher.org/update/downloads/configs/client/index.html during 0
[Browser@1678268349] Loaded successfully: "https://page.tlauncher.org/update/downloads/configs/client/index.html"
[Browser] add listens into server_choose
[Browser] finished listens into server_choose
[Downloader2] Loaded configuration: good
[Loading] POSTINIT_GUI
[Frame] Packing main frame...
[Frame] Resizing main pane...
Updater is already closed. Showing up...
Visibility set.
[Loading] REFRESHING_INFO
Started! (3478 ms.)
[Loading] SUCCESS
[VersionManager] Refreshing versions remotely...
[REPO][EXTRA_VERSION_REPO] Attempt #1; timeout: 20000 ms; url: http://repo.tlauncher.org/update/downloads/versions/new4/
[TLauncher] show tlauncher!!!
[REPO][EXTRA_VERSION_REPO] Success: Reached the repo in 37 ms.
saved account Account{displayName=Drt-Dev, userid=Drt-Dev, uuid=e62ebfffa90346518b18d7a28d4d905b, username=Drt-Dev}
save profiles
[REPO][SKIN_VERSION_REPO] Attempt #1; timeout: 20000 ms; url: http://repo.tlauncher.org/update/downloads/versions/new4/skin/versions/
[REPO][EXTRA_VERSION_REPO] Attempt #1; timeout: 20000 ms; url: http://repo.tlauncher.org/update/downloads/versions/new4/
[REPO][OFFICIAL_VERSION_REPO] Attempt #1; timeout: 20000 ms; url: https://launchermeta.mojang.com/mc/game/
[REPO][SKIN_VERSION_REPO] Success: Reached the repo in 15 ms.
[SkinVersionList] Got in 37 ms
[REPO][EXTRA_VERSION_REPO] Success: Reached the repo in 36 ms.
[ExtraVersionList] Got in 70 ms
[REPO][OFFICIAL_VERSION_REPO] Success: Reached the repo in 138 ms.
[OfficialVersionList] Got in 219 ms
[VersionManager] Versions has been refreshed (262 ms)
local server started
[REPO][ADD_HOT_SERVERS_REPO] Attempt #1; timeout: 20000 ms; url: http://repo.tlauncher.org/update/lch/additional_hot_servers-1.0.json
[REPO][HOT_SERVERS_REPO] Attempt #1; timeout: 20000 ms; url: http://repo.tlauncher.org/update/lch/servers/hot_servers-1.0.json
[REPO][ADD_HOT_SERVERS_REPO] Success: Reached the repo in 15 ms.
[REPO][HOT_SERVERS_REPO] Success: Reached the repo in 30 ms.
[Double running] clear time label
flush now
saved account Account{displayName=Drt-Dev, userid=Drt-Dev, uuid=e62ebfffa90346518b18d7a28d4d905b, username=Drt-Dev}
save profiles
Good bye!
[Double running] clear time label
flush now
