[Loading] INITIALIZING
Starting TLauncher 2.82 RELEASE
For more information, visit https://tlauncher.org/
Startup time: 27.10.2021 0:57:02
Running folder C:\Users\Drt\AppData\Roaming\.minecraft
---
[Loading] LOADING_CONFIGURATION
Machine info: -------------------------------------------------------
Windows 10 10.0, Java 1.8.0_281, jvm bit x64, 12221 MB RAM
java path=C:\Users\Drt\AppData\Roaming\.tlauncher\jvms\jre1.8.0_281\bin\javaw.exe
Intel(R) Core(TM) i5-4460  CPU @ 3.20GHz
 NVIDIA GeForce GTX 750, NVIDIA GeForce GTX 750, 7095 MB
-------------------------------------------------------
Selected locale: ru_RU
[Loading] LOADING_CONSOLE
[Downloader2] Loaded configuration: good
[Updater] Requesting an update...
[Updater] Requesting from: http://repo.tlauncher.org/update/lch/update_2.0.json
[Updater] Making request: http://repo.tlauncher.org/update/lch/update_2.0.json?version=2.82&client=6de35532-2556-40ec-b783-47175bd3b128
[Updater] Request time: 109 ms
[Updater] Successfully requested from: http://repo.tlauncher.org/update/lch/update_2.0.json
[Browser] Loading resources...
[Browser] Loading background...
[Browser] Cleaning up after loading:
Starting garbage collector: 61 / 149 MB
Garbage collector completed: 17 / 180 MB
[Loading] LOADING_MANAGERS
[LocalVersionList] Base directory: C:\Users\Drt\AppData\Roaming\.minecraft
[ProfileManager] Refreshing profiles from: C:\Users\Drt\AppData\Roaming\.minecraft\TlauncherProfiles.json
[AdvertisingStatusObserver]  started to get ad information
[AdvertisingStatusObserver]  finished to get add information
save profiles
[GsonUtil]  request to http://repo.tlauncher.org/update/downloads/libraries/org/tlauncher/authlib/libraries-1.7.json
[Loading] LOADING_WINDOW
[REPO][SERVER_LIST_REPO] Success: Reached the repo in 30 ms.
[JFXStartPageLoader]  start load page: https://page.tlauncher.org/update/downloads/configs/client/index.html
[Browser] Running in JavaFX Thread
[Browser] Preparing JavaFX...
[Browser] Initializing...
[Swing] Favicons loaded: 256px, 128px, 96px, 64px, 48px, 32px, 24px, 16px
[Loading] PREPARING_MAINPANE
[JFXStartPageLoader]  succeeded load page: https://page.tlauncher.org/update/downloads/configs/client/index.html during 1
[Browser@969595449] Loaded successfully: "https://page.tlauncher.org/update/downloads/configs/client/index.html"
[Browser] add listens into server_choose
[Browser] finished listens into server_choose
[Downloader2] Loaded configuration: good
[Loading] POSTINIT_GUI
[Frame] Packing main frame...
[Frame] Resizing main pane...
Updater is already closed. Showing up...
Visibility set.
[Loading] REFRESHING_INFO
Started! (4522 ms.)
[Loading] SUCCESS
[VersionManager] Refreshing versions remotely...
[REPO][EXTRA_VERSION_REPO] Attempt #1; timeout: 20000 ms; url: http://repo.tlauncher.org/update/downloads/versions/new4/
[TLauncher] show tlauncher!!!
[REPO][EXTRA_VERSION_REPO] Success: Reached the repo in 40 ms.
saved account Account{displayName=Drt-Dev, userid=Drt-Dev, uuid=e62ebfffa90346518b18d7a28d4d905b, username=Drt-Dev}
save profiles
[REPO][SKIN_VERSION_REPO] Attempt #1; timeout: 20000 ms; url: http://repo.tlauncher.org/update/downloads/versions/new4/skin/versions/
[REPO][EXTRA_VERSION_REPO] Attempt #1; timeout: 20000 ms; url: http://repo.tlauncher.org/update/downloads/versions/new4/
[REPO][OFFICIAL_VERSION_REPO] Attempt #1; timeout: 20000 ms; url: https://launchermeta.mojang.com/mc/game/
[REPO][EXTRA_VERSION_REPO] Success: Reached the repo in 14 ms.
[REPO][SKIN_VERSION_REPO] Success: Reached the repo in 18 ms.
[SkinVersionList] Got in 43 ms
[ExtraVersionList] Got in 79 ms
[REPO][OFFICIAL_VERSION_REPO] Success: Reached the repo in 194 ms.
[OfficialVersionList] Got in 287 ms
[VersionManager] Versions has been refreshed (324 ms)
local server started
[REPO][ADD_HOT_SERVERS_REPO] Attempt #1; timeout: 20000 ms; url: http://repo.tlauncher.org/update/lch/additional_hot_servers-1.0.json
[REPO][HOT_SERVERS_REPO] Attempt #1; timeout: 20000 ms; url: http://repo.tlauncher.org/update/lch/servers/hot_servers-1.0.json
[REPO][ADD_HOT_SERVERS_REPO] Success: Reached the repo in 13 ms.
[REPO][HOT_SERVERS_REPO] Success: Reached the repo in 31 ms.
[Double running] clear time label
Good bye!
[Double running] clear time label
[TLauncherManager] before clearLibrary C:\Users\Drt\AppData\Roaming\.minecraft\mods\additionalpipes-4.7.7.jar C:\Users\Drt\AppData\Roaming\.minecraft\mods\appliedenergistics2_rv6_stable_7.jar C:\Users\Drt\AppData\Roaming\.minecraft\mods\backpack_3.0.2_1.12.2.jar C:\Users\Drt\AppData\Roaming\.minecraft\mods\BattleTowers_1.12.2.jar C:\Users\Drt\AppData\Roaming\.minecraft\mods\BrandonsCore-1.12.2-2.4.19.214-universal.jar C:\Users\Drt\AppData\Roaming\.minecraft\mods\buildcraft_all_7.99.24.8_1.12.2.jar C:\Users\Drt\AppData\Roaming\.minecraft\mods\CodeChickenLib-1.12.2-3.2.3.358-universal.jar C:\Users\Drt\AppData\Roaming\.minecraft\mods\desktop.ini C:\Users\Drt\AppData\Roaming\.minecraft\mods\DivineRPG_1.12.2_1.7.1.jar C:\Users\Drt\AppData\Roaming\.minecraft\mods\Draconic-Evolution-1.12.2-2.3.27.353-universal.jar C:\Users\Drt\AppData\Roaming\.minecraft\mods\Draconic_Evolution_1.12.2_2.3.27.353_universal.zip C:\Users\Drt\AppData\Roaming\.minecraft\mods\EnderCore-1.12.2-0.5.76.jar C:\Users\Drt\AppData\Roaming\.minecraft\mods\EnderIO-1.12.2-5.3.70.jar C:\Users\Drt\AppData\Roaming\.minecraft\mods\EnderIO-1.12.2-5.3.70.zip C:\Users\Drt\AppData\Roaming\.minecraft\mods\forestry_1.12.2_5.8.2.414.jar C:\Users\Drt\AppData\Roaming\.minecraft\mods\Galacticraft-Planets-1.12.2-4.0.2.281.jar C:\Users\Drt\AppData\Roaming\.minecraft\mods\GalacticraftCore-1.12.2-4.0.2.281.jar C:\Users\Drt\AppData\Roaming\.minecraft\mods\Galacticraft_1.12.2_4.0.2.281.zip C:\Users\Drt\AppData\Roaming\.minecraft\mods\industrialcraft-2-2.8.188-ex112.jar C:\Users\Drt\AppData\Roaming\.minecraft\mods\ironchest_1.12.2_7.0.72.847.jar C:\Users\Drt\AppData\Roaming\.minecraft\mods\jei_1.12.2-4.16.1.302.jar C:\Users\Drt\AppData\Roaming\.minecraft\mods\journeymap-1.12.2-5.7.1.jar C:\Users\Drt\AppData\Roaming\.minecraft\mods\LuckyBlock_1_12_v7_5_0.zip C:\Users\Drt\AppData\Roaming\.minecraft\mods\Mantle-1.12-1.3.3.55.jar C:\Users\Drt\AppData\Roaming\.minecraft\mods\MicdoodleCore-1.12.2-4.0.2.281.jar C:\Users\Drt\AppData\Roaming\.minecraft\mods\RedstoneFlux-1.12-2.1.0.6-universal.jar C:\Users\Drt\AppData\Roaming\.minecraft\mods\TConstruct-1.12.2-2.13.0.183.jar C:\Users\Drt\AppData\Roaming\.minecraft\mods\TConstruct_1.12.2_2.13.0.183.zip C:\Users\Drt\AppData\Roaming\.minecraft\mods\thuttech_1.12.2_6.1.5.zip C:\Users\Drt\AppData\Roaming\.minecraft\mods\treecapitator-mod-1_12.jar C:\Users\Drt\AppData\Roaming\.minecraft\mods\twilightforest_1.12.2_3.11.1021_universal.jar
[TLauncherManager] written:  []
[TLauncherManager] after clearLibrary C:\Users\Drt\AppData\Roaming\.minecraft\mods\additionalpipes-4.7.7.jar C:\Users\Drt\AppData\Roaming\.minecraft\mods\appliedenergistics2_rv6_stable_7.jar C:\Users\Drt\AppData\Roaming\.minecraft\mods\backpack_3.0.2_1.12.2.jar C:\Users\Drt\AppData\Roaming\.minecraft\mods\BattleTowers_1.12.2.jar C:\Users\Drt\AppData\Roaming\.minecraft\mods\BrandonsCore-1.12.2-2.4.19.214-universal.jar C:\Users\Drt\AppData\Roaming\.minecraft\mods\buildcraft_all_7.99.24.8_1.12.2.jar C:\Users\Drt\AppData\Roaming\.minecraft\mods\CodeChickenLib-1.12.2-3.2.3.358-universal.jar C:\Users\Drt\AppData\Roaming\.minecraft\mods\desktop.ini C:\Users\Drt\AppData\Roaming\.minecraft\mods\DivineRPG_1.12.2_1.7.1.jar C:\Users\Drt\AppData\Roaming\.minecraft\mods\Draconic-Evolution-1.12.2-2.3.27.353-universal.jar C:\Users\Drt\AppData\Roaming\.minecraft\mods\Draconic_Evolution_1.12.2_2.3.27.353_universal.zip C:\Users\Drt\AppData\Roaming\.minecraft\mods\EnderCore-1.12.2-0.5.76.jar C:\Users\Drt\AppData\Roaming\.minecraft\mods\EnderIO-1.12.2-5.3.70.jar C:\Users\Drt\AppData\Roaming\.minecraft\mods\EnderIO-1.12.2-5.3.70.zip C:\Users\Drt\AppData\Roaming\.minecraft\mods\forestry_1.12.2_5.8.2.414.jar C:\Users\Drt\AppData\Roaming\.minecraft\mods\Galacticraft-Planets-1.12.2-4.0.2.281.jar C:\Users\Drt\AppData\Roaming\.minecraft\mods\GalacticraftCore-1.12.2-4.0.2.281.jar C:\Users\Drt\AppData\Roaming\.minecraft\mods\Galacticraft_1.12.2_4.0.2.281.zip C:\Users\Drt\AppData\Roaming\.minecraft\mods\industrialcraft-2-2.8.188-ex112.jar C:\Users\Drt\AppData\Roaming\.minecraft\mods\ironchest_1.12.2_7.0.72.847.jar C:\Users\Drt\AppData\Roaming\.minecraft\mods\jei_1.12.2-4.16.1.302.jar C:\Users\Drt\AppData\Roaming\.minecraft\mods\journeymap-1.12.2-5.7.1.jar C:\Users\Drt\AppData\Roaming\.minecraft\mods\LuckyBlock_1_12_v7_5_0.zip C:\Users\Drt\AppData\Roaming\.minecraft\mods\Mantle-1.12-1.3.3.55.jar C:\Users\Drt\AppData\Roaming\.minecraft\mods\MicdoodleCore-1.12.2-4.0.2.281.jar C:\Users\Drt\AppData\Roaming\.minecraft\mods\RedstoneFlux-1.12-2.1.0.6-universal.jar C:\Users\Drt\AppData\Roaming\.minecraft\mods\TConstruct-1.12.2-2.13.0.183.jar C:\Users\Drt\AppData\Roaming\.minecraft\mods\TConstruct_1.12.2_2.13.0.183.zip C:\Users\Drt\AppData\Roaming\.minecraft\mods\thuttech_1.12.2_6.1.5.zip C:\Users\Drt\AppData\Roaming\.minecraft\mods\treecapitator-mod-1_12.jar C:\Users\Drt\AppData\Roaming\.minecraft\mods\twilightforest_1.12.2_3.11.1021_universal.jar
flush now
